[0806/200844.225:INFO:CONSOLE(1)] "Uncaught ReferenceError: ShowArkNotInForegroundWarning is not defined", source: about:blank (1)
[0806/203002.939:INFO:CONSOLE(41)] "Uncaught TypeError: Cannot set property 'display' of undefined", source: file:///C:/Users/Roman/source/repos/ArkCommander/ArkCommander/bin/browser/assets/main.js (41)
[0806/203657.428:WARNING:angle_platform_impl.cc(59)] compileToBinary(228): 
C:\fakepath(65,10-42): warning X3571: pow(f, e) will not work for negative f, use abs(f) or conditionally handle negative values if you expect them
C:\fakepath(87,10-42): warning X3571: pow(f, e) will not work for negative f, use abs(f) or conditionally handle negative values if you expect them

[0806/204002.351:INFO:CONSOLE(1)] "Uncaught ReferenceError: ShowArkNotInForegroundWarning is not defined", source: about:blank (1)
[0806/212856.157:INFO:CONSOLE(9)] "Uncaught TypeError: Cannot read property 'addEventListener' of null", source: https://code.getmdl.io/1.3.0/material.min.js (9)
[0806/212859.681:INFO:CONSOLE(9)] "Uncaught TypeError: Cannot read property 'blur' of null", source: https://code.getmdl.io/1.3.0/material.min.js (9)
[0806/213300.332:INFO:CONSOLE(9)] "Uncaught TypeError: Cannot read property 'parentElement' of null", source: https://code.getmdl.io/1.3.0/material.min.js (9)
[0806/213351.630:INFO:CONSOLE(9)] "Uncaught TypeError: Cannot read property 'parentElement' of null", source: https://code.getmdl.io/1.3.0/material.min.js (9)
[0806/215201.265:INFO:CONSOLE(1)] "Uncaught SyntaxError: Invalid or unexpected token", source: file:///C:/Users/Roman/source/repos/ArkCommander/ArkCommander/bin/browser/index.html (1)
[0806/215339.625:INFO:CONSOLE(1)] "Uncaught SyntaxError: Invalid or unexpected token", source: file:///C:/Users/Roman/source/repos/ArkCommander/ArkCommander/bin/browser/index.html (1)
[0806/215550.412:INFO:CONSOLE(1)] "Uncaught SyntaxError: Unexpected token e in JSON at position 0", source: file:///C:/Users/Roman/source/repos/ArkCommander/ArkCommander/bin/browser/index.html# (1)
[0806/215551.884:INFO:CONSOLE(1)] "Uncaught SyntaxError: Unexpected token e in JSON at position 0", source: file:///C:/Users/Roman/source/repos/ArkCommander/ArkCommander/bin/browser/index.html# (1)
[0806/215552.022:INFO:CONSOLE(1)] "Uncaught SyntaxError: Unexpected token e in JSON at position 0", source: file:///C:/Users/Roman/source/repos/ArkCommander/ArkCommander/bin/browser/index.html# (1)
[0806/215552.172:INFO:CONSOLE(1)] "Uncaught SyntaxError: Unexpected token e in JSON at position 0", source: file:///C:/Users/Roman/source/repos/ArkCommander/ArkCommander/bin/browser/index.html# (1)
[0806/215552.311:INFO:CONSOLE(1)] "Uncaught SyntaxError: Unexpected token e in JSON at position 0", source: file:///C:/Users/Roman/source/repos/ArkCommander/ArkCommander/bin/browser/index.html# (1)
[0806/215552.450:INFO:CONSOLE(1)] "Uncaught SyntaxError: Unexpected token e in JSON at position 0", source: file:///C:/Users/Roman/source/repos/ArkCommander/ArkCommander/bin/browser/index.html# (1)
[0806/221537.527:INFO:CONSOLE(1)] "Uncaught SyntaxError: Invalid or unexpected token", source: file:///C:/Users/Roman/source/repos/ArkCommander/ArkCommander/bin/browser/index.html# (1)
[0806/221540.747:INFO:CONSOLE(1)] "Uncaught SyntaxError: Invalid or unexpected token", source: file:///C:/Users/Roman/source/repos/ArkCommander/ArkCommander/bin/browser/index.html# (1)
[0806/221551.635:INFO:CONSOLE(1)] "Uncaught SyntaxError: Invalid or unexpected token", source: file:///C:/Users/Roman/source/repos/ArkCommander/ArkCommander/bin/browser/index.html# (1)
[0806/221552.306:INFO:CONSOLE(1)] "Uncaught SyntaxError: Invalid or unexpected token", source: file:///C:/Users/Roman/source/repos/ArkCommander/ArkCommander/bin/browser/index.html# (1)
[0806/221552.646:INFO:CONSOLE(1)] "Uncaught SyntaxError: Invalid or unexpected token", source: file:///C:/Users/Roman/source/repos/ArkCommander/ArkCommander/bin/browser/index.html# (1)
[0806/224922.854:INFO:CONSOLE(9)] "Uncaught TypeError: Cannot read property 'parentElement' of null", source: https://code.getmdl.io/1.3.0/material.min.js (9)
[0806/225247.563:INFO:CONSOLE(1)] "Uncaught ReferenceError: FinishRefreshTable is not defined", source: about:blank (1)
[0806/225650.614:WARNING:angle_platform_impl.cc(59)] compileToBinary(228): 
C:\fakepath(65,10-42): warning X3571: pow(f, e) will not work for negative f, use abs(f) or conditionally handle negative values if you expect them
C:\fakepath(87,10-42): warning X3571: pow(f, e) will not work for negative f, use abs(f) or conditionally handle negative values if you expect them

